<?xml version="1.0" encoding="UTF-8"?>
<!-- Generated by org.testng.reporters.JUnitXMLReporter -->
<testsuite ignored="0" hostname="LAPTOP-9EOFU62G" failures="0" tests="3" name="Testing" time="235.151" errors="0" timestamp="2022-07-24T22:39:11 GMT-07:00">
  <testcase classname="Academy.E2E.Allfields" name="basepageNavigation" time="80.44"/>
  <testcase classname="Academy.E2E.UpdateDefault" name="basepageNavigation3" time="103.844"/>
  <testcase classname="Academy.E2E.withouttoggle" name="BasepageNavigation2" time="42.398"/>
</testsuite> <!-- Testing -->
