<?xml version="1.0" encoding="UTF-8"?>
<testng-results ignored="0" total="1" passed="1" failed="0" skipped="0">
  <reporter-output>
  </reporter-output>
  <suite started-at="2022-07-25T06:00:19 GMT-07:00" name="Default suite" finished-at="2022-07-25T06:02:14 GMT-07:00" duration-ms="114394">
    <groups>
    </groups>
    <test started-at="2022-07-25T06:00:19 GMT-07:00" name="Default test" finished-at="2022-07-25T06:02:14 GMT-07:00" duration-ms="114394">
      <class name="Academy.E2E.UpdateDefault">
        <test-method signature="basepageNavigation3()[pri:0, instance:Academy.E2E.UpdateDefault@6e0f5f7f]" started-at="2022-07-25T06:00:20 GMT-07:00" name="basepageNavigation3" finished-at="2022-07-25T06:02:14 GMT-07:00" duration-ms="114114" status="PASS">
          <reporter-output>
          </reporter-output>
        </test-method> <!-- basepageNavigation3 -->
        <test-method is-config="true" signature="teardown()[pri:0, instance:Academy.E2E.UpdateDefault@6e0f5f7f]" started-at="2022-07-25T06:02:14 GMT-07:00" name="teardown" finished-at="2022-07-25T06:02:14 GMT-07:00" duration-ms="228" status="PASS">
          <reporter-output>
          </reporter-output>
        </test-method> <!-- teardown -->
      </class> <!-- Academy.E2E.UpdateDefault -->
    </test> <!-- Default test -->
  </suite> <!-- Default suite -->
</testng-results>
